mode: set
esx/app/interaction/internal/logic/batch_check_favorited_logic.go:18.109,24.2 1 1
esx/app/interaction/internal/logic/batch_check_favorited_logic.go:26.124,28.36 2 1
esx/app/interaction/internal/logic/batch_check_favorited_logic.go:28.36,33.17 2 1
esx/app/interaction/internal/logic/batch_check_favorited_logic.go:33.17,35.4 1 0
esx/app/interaction/internal/logic/batch_check_favorited_logic.go:36.3,36.37 1 1
esx/app/interaction/internal/logic/batch_check_favorited_logic.go:39.2,39.59 1 1
esx/app/interaction/internal/logic/batch_check_liked_logic.go:18.101,24.2 1 1
esx/app/interaction/internal/logic/batch_check_liked_logic.go:26.108,28.40 2 1
esx/app/interaction/internal/logic/batch_check_liked_logic.go:28.40,34.17 2 1
esx/app/interaction/internal/logic/batch_check_liked_logic.go:34.17,36.4 1 0
esx/app/interaction/internal/logic/batch_check_liked_logic.go:37.3,37.35 1 1
esx/app/interaction/internal/logic/batch_check_liked_logic.go:40.2,40.55 1 1
esx/app/interaction/internal/logic/check_favorited_logic.go:20.99,26.2 1 1
esx/app/interaction/internal/logic/check_favorited_logic.go:28.104,30.39 2 1
esx/app/interaction/internal/logic/check_favorited_logic.go:30.39,32.3 1 1
esx/app/interaction/internal/logic/check_favorited_logic.go:33.2,33.16 1 1
esx/app/interaction/internal/logic/check_favorited_logic.go:33.16,36.3 2 0
esx/app/interaction/internal/logic/check_favorited_logic.go:38.2,38.69 1 1
esx/app/interaction/internal/logic/check_liked_logic.go:20.91,26.2 1 1
esx/app/interaction/internal/logic/check_liked_logic.go:28.88,30.39 2 1
esx/app/interaction/internal/logic/check_liked_logic.go:30.39,32.3 1 1
esx/app/interaction/internal/logic/check_liked_logic.go:33.2,33.16 1 1
esx/app/interaction/internal/logic/check_liked_logic.go:33.16,36.3 2 0
esx/app/interaction/internal/logic/check_liked_logic.go:38.2,38.61 1 1
esx/app/interaction/internal/logic/favorite_logic.go:23.87,29.2 1 1
esx/app/interaction/internal/logic/favorite_logic.go:31.80,33.54 2 1
esx/app/interaction/internal/logic/favorite_logic.go:33.54,36.3 2 0
esx/app/interaction/internal/logic/favorite_logic.go:37.2,37.41 1 1
esx/app/interaction/internal/logic/favorite_logic.go:37.41,39.3 1 1
esx/app/interaction/internal/logic/favorite_logic.go:41.2,41.19 1 1
esx/app/interaction/internal/logic/favorite_logic.go:41.19,48.3 1 1
esx/app/interaction/internal/logic/favorite_logic.go:48.8,51.3 2 0
esx/app/interaction/internal/logic/favorite_logic.go:52.2,52.16 1 1
esx/app/interaction/internal/logic/favorite_logic.go:52.16,55.3 2 0
esx/app/interaction/internal/logic/favorite_logic.go:57.2,57.55 1 1
esx/app/interaction/internal/logic/favorite_logic.go:57.55,59.3 1 0
esx/app/interaction/internal/logic/favorite_logic.go:61.2,61.32 1 1
esx/app/interaction/internal/logic/favorite_logic.go:64.63,65.38 1 1
esx/app/interaction/internal/logic/favorite_logic.go:65.38,67.3 1 0
esx/app/interaction/internal/logic/favorite_logic.go:69.2,70.9 2 1
esx/app/interaction/internal/logic/favorite_logic.go:71.18,73.72 2 1
esx/app/interaction/internal/logic/favorite_logic.go:73.72,75.4 1 0
esx/app/interaction/internal/logic/favorite_logic.go:76.3,77.13 2 1
esx/app/interaction/internal/logic/favorite_logic.go:78.41,84.75 2 0
esx/app/interaction/internal/logic/favorite_logic.go:84.75,86.4 1 0
esx/app/interaction/internal/logic/favorite_logic.go:87.3,88.13 2 0
esx/app/interaction/internal/logic/favorite_logic.go:89.10,90.13 1 0
esx/app/interaction/internal/logic/favorite_logic.go:94.74,95.27 1 1
esx/app/interaction/internal/logic/favorite_logic.go:95.27,97.3 1 1
esx/app/interaction/internal/logic/favorite_logic.go:99.2,104.37 6 0
esx/app/interaction/internal/logic/get_counts_logic.go:22.89,28.2 1 1
esx/app/interaction/internal/logic/get_counts_logic.go:30.84,33.48 2 1
esx/app/interaction/internal/logic/get_counts_logic.go:33.48,35.3 1 1
esx/app/interaction/internal/logic/get_counts_logic.go:36.2,36.38 1 1
esx/app/interaction/internal/logic/get_counts_logic.go:36.38,38.3 1 0
esx/app/interaction/internal/logic/get_counts_logic.go:40.2,40.78 1 1
esx/app/interaction/internal/logic/get_counts_logic.go:40.78,41.49 1 1
esx/app/interaction/internal/logic/get_counts_logic.go:41.49,43.4 1 0
esx/app/interaction/internal/logic/get_counts_logic.go:45.3,46.17 2 1
esx/app/interaction/internal/logic/get_counts_logic.go:46.17,47.41 1 1
esx/app/interaction/internal/logic/get_counts_logic.go:47.41,51.5 3 1
esx/app/interaction/internal/logic/get_counts_logic.go:52.4,52.19 1 0
esx/app/interaction/internal/logic/get_counts_logic.go:55.3,61.19 3 1
esx/app/interaction/internal/logic/get_counts_logic.go:63.2,63.16 1 1
esx/app/interaction/internal/logic/get_counts_logic.go:63.16,66.3 2 0
esx/app/interaction/internal/logic/get_counts_logic.go:68.2,68.40 1 1
esx/app/interaction/internal/logic/get_counts_logic.go:71.84,73.18 2 1
esx/app/interaction/internal/logic/get_counts_logic.go:73.18,75.3 1 0
esx/app/interaction/internal/logic/get_counts_logic.go:77.2,78.16 2 1
esx/app/interaction/internal/logic/get_counts_logic.go:78.16,80.3 1 1
esx/app/interaction/internal/logic/get_counts_logic.go:81.2,82.16 2 1
esx/app/interaction/internal/logic/get_counts_logic.go:82.16,84.3 1 0
esx/app/interaction/internal/logic/get_counts_logic.go:85.2,86.16 2 1
esx/app/interaction/internal/logic/get_counts_logic.go:86.16,88.3 1 0
esx/app/interaction/internal/logic/get_counts_logic.go:90.2,94.9 1 1
esx/app/interaction/internal/logic/get_counts_logic.go:97.99,99.18 2 1
esx/app/interaction/internal/logic/get_counts_logic.go:99.18,101.3 1 0
esx/app/interaction/internal/logic/get_counts_logic.go:103.2,107.35 5 1
esx/app/interaction/internal/logic/get_counts_logic.go:110.54,111.32 1 1
esx/app/interaction/internal/logic/get_counts_logic.go:111.32,113.3 1 1
esx/app/interaction/internal/logic/get_counts_logic.go:114.2,114.27 1 0
esx/app/interaction/internal/logic/get_counts_logic.go:114.27,116.3 1 0
esx/app/interaction/internal/logic/get_counts_logic.go:117.2,117.12 1 0
esx/app/interaction/internal/logic/get_counts_logic.go:120.37,122.16 2 1
esx/app/interaction/internal/logic/get_counts_logic.go:122.16,124.3 1 0
esx/app/interaction/internal/logic/get_counts_logic.go:125.2,125.15 1 1
esx/app/interaction/internal/logic/get_favorite_list_logic.go:18.101,24.2 1 1
esx/app/interaction/internal/logic/get_favorite_list_logic.go:26.108,27.17 1 1
esx/app/interaction/internal/logic/get_favorite_list_logic.go:27.17,29.3 1 1
esx/app/interaction/internal/logic/get_favorite_list_logic.go:30.2,30.42 1 1
esx/app/interaction/internal/logic/get_favorite_list_logic.go:30.42,32.3 1 1
esx/app/interaction/internal/logic/get_favorite_list_logic.go:34.2,35.16 2 1
esx/app/interaction/internal/logic/get_favorite_list_logic.go:35.16,38.3 2 0
esx/app/interaction/internal/logic/get_favorite_list_logic.go:40.2,43.8 1 1
esx/app/interaction/internal/logic/get_like_count_logic.go:18.95,24.2 1 1
esx/app/interaction/internal/logic/get_like_count_logic.go:26.96,31.16 2 1
esx/app/interaction/internal/logic/get_like_count_logic.go:31.16,33.3 1 0
esx/app/interaction/internal/logic/get_like_count_logic.go:35.2,35.57 1 1
esx/app/interaction/internal/logic/like_logic.go:22.79,28.2 1 1
esx/app/interaction/internal/logic/like_logic.go:30.64,32.54 2 1
esx/app/interaction/internal/logic/like_logic.go:32.54,35.3 2 0
esx/app/interaction/internal/logic/like_logic.go:36.2,36.41 1 1
esx/app/interaction/internal/logic/like_logic.go:36.41,38.3 1 1
esx/app/interaction/internal/logic/like_logic.go:40.2,40.19 1 1
esx/app/interaction/internal/logic/like_logic.go:40.19,47.3 1 1
esx/app/interaction/internal/logic/like_logic.go:47.8,50.3 2 0
esx/app/interaction/internal/logic/like_logic.go:51.2,51.16 1 1
esx/app/interaction/internal/logic/like_logic.go:51.16,54.3 2 0
esx/app/interaction/internal/logic/like_logic.go:56.2,56.75 1 1
esx/app/interaction/internal/logic/like_logic.go:56.75,58.3 1 0
esx/app/interaction/internal/logic/like_logic.go:60.2,60.28 1 1
esx/app/interaction/internal/logic/like_logic.go:63.69,64.38 1 1
esx/app/interaction/internal/logic/like_logic.go:64.38,66.3 1 0
esx/app/interaction/internal/logic/like_logic.go:68.2,69.9 2 1
esx/app/interaction/internal/logic/like_logic.go:70.18,72.72 2 1
esx/app/interaction/internal/logic/like_logic.go:72.72,74.4 1 0
esx/app/interaction/internal/logic/like_logic.go:75.3,76.13 2 1
esx/app/interaction/internal/logic/like_logic.go:77.41,83.75 2 0
esx/app/interaction/internal/logic/like_logic.go:83.75,85.4 1 0
esx/app/interaction/internal/logic/like_logic.go:86.3,87.13 2 0
esx/app/interaction/internal/logic/like_logic.go:88.10,89.13 1 0
esx/app/interaction/internal/logic/like_logic.go:93.66,94.27 1 1
esx/app/interaction/internal/logic/like_logic.go:94.27,96.3 1 1
esx/app/interaction/internal/logic/like_logic.go:98.2,103.37 6 0
esx/app/interaction/internal/logic/unfavorite_logic.go:22.91,28.2 1 1
esx/app/interaction/internal/logic/unfavorite_logic.go:30.88,32.39 2 1
esx/app/interaction/internal/logic/unfavorite_logic.go:32.39,34.3 1 1
esx/app/interaction/internal/logic/unfavorite_logic.go:35.2,35.16 1 1
esx/app/interaction/internal/logic/unfavorite_logic.go:35.16,38.3 2 0
esx/app/interaction/internal/logic/unfavorite_logic.go:39.2,39.24 1 1
esx/app/interaction/internal/logic/unfavorite_logic.go:39.24,41.3 1 0
esx/app/interaction/internal/logic/unfavorite_logic.go:43.2,44.69 2 1
esx/app/interaction/internal/logic/unfavorite_logic.go:44.69,47.3 2 0
esx/app/interaction/internal/logic/unfavorite_logic.go:49.2,49.55 1 1
esx/app/interaction/internal/logic/unfavorite_logic.go:49.55,51.3 1 0
esx/app/interaction/internal/logic/unfavorite_logic.go:53.2,53.34 1 1
esx/app/interaction/internal/logic/unfavorite_logic.go:56.65,57.38 1 1
esx/app/interaction/internal/logic/unfavorite_logic.go:57.38,59.3 1 0
esx/app/interaction/internal/logic/unfavorite_logic.go:61.2,62.9 2 1
esx/app/interaction/internal/logic/unfavorite_logic.go:63.18,64.30 1 1
esx/app/interaction/internal/logic/unfavorite_logic.go:64.30,66.4 1 1
esx/app/interaction/internal/logic/unfavorite_logic.go:67.3,67.72 1 1
esx/app/interaction/internal/logic/unfavorite_logic.go:67.72,69.4 1 0
esx/app/interaction/internal/logic/unfavorite_logic.go:70.3,71.13 2 1
esx/app/interaction/internal/logic/unfavorite_logic.go:72.41,73.13 1 0
esx/app/interaction/internal/logic/unfavorite_logic.go:74.10,75.13 1 0
esx/app/interaction/internal/logic/unfavorite_logic.go:79.76,80.27 1 1
esx/app/interaction/internal/logic/unfavorite_logic.go:80.27,82.3 1 1
esx/app/interaction/internal/logic/unfavorite_logic.go:84.2,89.37 6 0
esx/app/interaction/internal/logic/unlike_logic.go:22.83,28.2 1 1
esx/app/interaction/internal/logic/unlike_logic.go:30.72,32.39 2 1
esx/app/interaction/internal/logic/unlike_logic.go:32.39,34.3 1 1
esx/app/interaction/internal/logic/unlike_logic.go:35.2,35.16 1 1
esx/app/interaction/internal/logic/unlike_logic.go:35.16,38.3 2 0
esx/app/interaction/internal/logic/unlike_logic.go:39.2,39.24 1 1
esx/app/interaction/internal/logic/unlike_logic.go:39.24,41.3 1 0
esx/app/interaction/internal/logic/unlike_logic.go:43.2,44.71 2 1
esx/app/interaction/internal/logic/unlike_logic.go:44.71,47.3 2 0
esx/app/interaction/internal/logic/unlike_logic.go:49.2,49.75 1 1
esx/app/interaction/internal/logic/unlike_logic.go:49.75,51.3 1 0
esx/app/interaction/internal/logic/unlike_logic.go:53.2,53.30 1 1
esx/app/interaction/internal/logic/unlike_logic.go:56.71,57.38 1 1
esx/app/interaction/internal/logic/unlike_logic.go:57.38,59.3 1 0
esx/app/interaction/internal/logic/unlike_logic.go:61.2,62.9 2 1
esx/app/interaction/internal/logic/unlike_logic.go:63.18,64.26 1 1
esx/app/interaction/internal/logic/unlike_logic.go:64.26,66.4 1 1
esx/app/interaction/internal/logic/unlike_logic.go:67.3,67.72 1 1
esx/app/interaction/internal/logic/unlike_logic.go:67.72,69.4 1 0
esx/app/interaction/internal/logic/unlike_logic.go:70.3,71.13 2 1
esx/app/interaction/internal/logic/unlike_logic.go:72.41,73.13 1 0
esx/app/interaction/internal/logic/unlike_logic.go:74.10,75.13 1 0
esx/app/interaction/internal/logic/unlike_logic.go:79.68,80.27 1 1
esx/app/interaction/internal/logic/unlike_logic.go:80.27,82.3 1 1
esx/app/interaction/internal/logic/unlike_logic.go:84.2,89.37 6 0
